{"level":"INFO","message":"[1:17:39.603 PM]: Connecting to GLOBAL Snowflake domain"}
{"level":"INFO","message":"[1:17:39.639 PM]: Trying to initialize Easy Logging"}
{"level":"INFO","message":"[1:17:39.647 PM]: No client config detected."}
{"level":"INFO","message":"[1:17:39.648 PM]: No config file path found. Client config will not be used."}
{"level":"INFO","message":"[1:17:39.649 PM]: Easy Logging is disabled as no config has been found"}
{"level":"WARN","message":"[1:17:42.009 PM]: WARNING!!! using fail-open to connect. Driver is connecting to an HTTPS endpoint without OCSP based Certificated Revocation checking as it could not obtain a valid OCSP Response to use from the CA OCSP responder. Details: Error: AuthorityInfoAccess not found in extensions"}
{"level":"INFO","message":"[1:18:47.006 PM]: Connecting to GLOBAL Snowflake domain"}
{"level":"INFO","message":"[1:18:47.029 PM]: Trying to initialize Easy Logging"}
{"level":"INFO","message":"[1:18:47.045 PM]: No client config detected."}
{"level":"INFO","message":"[1:18:47.046 PM]: No config file path found. Client config will not be used."}
{"level":"INFO","message":"[1:18:47.047 PM]: Easy Logging is disabled as no config has been found"}
{"level":"WARN","message":"[1:18:48.327 PM]: WARNING!!! using fail-open to connect. Driver is connecting to an HTTPS endpoint without OCSP based Certificated Revocation checking as it could not obtain a valid OCSP Response to use from the CA OCSP responder. Details: Error: AuthorityInfoAccess not found in extensions"}
{"level":"INFO","message":"[12:09:10.825 PM]: Connecting to GLOBAL Snowflake domain"}
{"level":"INFO","message":"[12:09:10.927 PM]: Trying to initialize Easy Logging"}
{"level":"INFO","message":"[12:09:10.940 PM]: No client config detected."}
{"level":"INFO","message":"[12:09:10.943 PM]: No config file path found. Client config will not be used."}
{"level":"INFO","message":"[12:09:10.945 PM]: Easy Logging is disabled as no config has been found"}
{"level":"WARN","message":"[12:09:13.009 PM]: WARNING!!! using fail-open to connect. Driver is connecting to an HTTPS endpoint without OCSP based Certificated Revocation checking as it could not obtain a valid OCSP Response to use from the CA OCSP responder. Details: Error: AuthorityInfoAccess not found in extensions"}
{"level":"INFO","message":"[7:13:46.108 PM]: Connecting to GLOBAL Snowflake domain"}
{"level":"INFO","message":"[7:13:46.207 PM]: Trying to initialize Easy Logging"}
{"level":"INFO","message":"[7:13:46.215 PM]: No client config detected."}
{"level":"INFO","message":"[7:13:46.216 PM]: No config file path found. Client config will not be used."}
{"level":"INFO","message":"[7:13:46.217 PM]: Easy Logging is disabled as no config has been found"}
{"level":"INFO","message":"[7:18:01.936 PM]: Connecting to GLOBAL Snowflake domain"}
{"level":"INFO","message":"[7:18:01.975 PM]: Trying to initialize Easy Logging"}
{"level":"INFO","message":"[7:18:01.987 PM]: No client config detected."}
{"level":"INFO","message":"[7:18:01.989 PM]: No config file path found. Client config will not be used."}
{"level":"INFO","message":"[7:18:01.990 PM]: Easy Logging is disabled as no config has been found"}
{"level":"INFO","message":"[12:17:07.387 AM]: Connecting to GLOBAL Snowflake domain"}
{"level":"INFO","message":"[12:17:07.452 AM]: Trying to initialize Easy Logging"}
{"level":"INFO","message":"[12:17:07.461 AM]: No client config detected."}
{"level":"INFO","message":"[12:17:07.462 AM]: No config file path found. Client config will not be used."}
{"level":"INFO","message":"[12:17:07.463 AM]: Easy Logging is disabled as no config has been found"}
{"level":"INFO","message":"[3:00:53.872 PM]: Connecting to GLOBAL Snowflake domain"}
{"level":"INFO","message":"[3:00:53.950 PM]: Trying to initialize Easy Logging"}
{"level":"INFO","message":"[3:00:53.961 PM]: No client config detected."}
{"level":"INFO","message":"[3:00:53.962 PM]: No config file path found. Client config will not be used."}
{"level":"INFO","message":"[3:00:53.962 PM]: Easy Logging is disabled as no config has been found"}
{"level":"INFO","message":"[3:01:43.604 PM]: Connecting to GLOBAL Snowflake domain"}
{"level":"INFO","message":"[3:01:43.651 PM]: Trying to initialize Easy Logging"}
{"level":"INFO","message":"[3:01:43.663 PM]: No client config detected."}
{"level":"INFO","message":"[3:01:43.667 PM]: No config file path found. Client config will not be used."}
{"level":"INFO","message":"[3:01:43.668 PM]: Easy Logging is disabled as no config has been found"}
{"level":"INFO","message":"[8:33:34.316 PM]: Connecting to GLOBAL Snowflake domain"}
{"level":"INFO","message":"[8:33:34.426 PM]: Trying to initialize Easy Logging"}
{"level":"INFO","message":"[8:33:34.441 PM]: No client config detected."}
{"level":"INFO","message":"[8:33:34.444 PM]: No config file path found. Client config will not be used."}
{"level":"INFO","message":"[8:33:34.446 PM]: Easy Logging is disabled as no config has been found"}
{"level":"INFO","message":"[8:35:45.655 PM]: Connecting to GLOBAL Snowflake domain"}
{"level":"INFO","message":"[8:35:45.779 PM]: Trying to initialize Easy Logging"}
{"level":"INFO","message":"[8:35:45.798 PM]: No client config detected."}
{"level":"INFO","message":"[8:35:45.801 PM]: No config file path found. Client config will not be used."}
{"level":"INFO","message":"[8:35:45.802 PM]: Easy Logging is disabled as no config has been found"}
{"level":"INFO","message":"[6:39:26.341 PM]: Connecting to GLOBAL Snowflake domain"}
{"level":"INFO","message":"[6:39:26.597 PM]: Trying to initialize Easy Logging"}
{"level":"INFO","message":"[6:39:26.637 PM]: No client config detected."}
{"level":"INFO","message":"[6:39:26.654 PM]: No config file path found. Client config will not be used."}
{"level":"INFO","message":"[6:39:26.658 PM]: Easy Logging is disabled as no config has been found"}
{"level":"INFO","message":"[11:52:24.728 AM]: Connecting to GLOBAL Snowflake domain"}
{"level":"INFO","message":"[11:52:24.885 AM]: Trying to initialize Easy Logging"}
{"level":"INFO","message":"[11:52:24.903 AM]: No client config detected."}
{"level":"INFO","message":"[11:52:24.905 AM]: No config file path found. Client config will not be used."}
{"level":"INFO","message":"[11:52:24.906 AM]: Easy Logging is disabled as no config has been found"}
{"level":"INFO","message":"[4:01:21.945 PM]: Connecting to GLOBAL Snowflake domain"}
{"level":"INFO","message":"[4:01:22.038 PM]: Trying to initialize Easy Logging"}
{"level":"INFO","message":"[4:01:22.088 PM]: No client config detected."}
{"level":"INFO","message":"[4:01:22.089 PM]: No config file path found. Client config will not be used."}
{"level":"INFO","message":"[4:01:22.090 PM]: Easy Logging is disabled as no config has been found"}
{"level":"INFO","message":"[5:30:23.182 PM]: Connecting to GLOBAL Snowflake domain"}
{"level":"INFO","message":"[5:30:23.259 PM]: Trying to initialize Easy Logging"}
{"level":"INFO","message":"[5:30:23.271 PM]: No client config detected."}
{"level":"INFO","message":"[5:30:23.273 PM]: No config file path found. Client config will not be used."}
{"level":"INFO","message":"[5:30:23.278 PM]: Easy Logging is disabled as no config has been found"}
{"level":"INFO","message":"[6:21:03.941 PM]: Connecting to GLOBAL Snowflake domain"}
{"level":"INFO","message":"[6:21:04.009 PM]: Trying to initialize Easy Logging"}
{"level":"INFO","message":"[6:21:04.019 PM]: No client config detected."}
{"level":"INFO","message":"[6:21:04.020 PM]: No config file path found. Client config will not be used."}
{"level":"INFO","message":"[6:21:04.024 PM]: Easy Logging is disabled as no config has been found"}
{"level":"INFO","message":"[8:27:34.812 PM]: Connecting to GLOBAL Snowflake domain"}
{"level":"INFO","message":"[8:27:34.950 PM]: Trying to initialize Easy Logging"}
{"level":"INFO","message":"[8:27:34.958 PM]: No client config detected."}
{"level":"INFO","message":"[8:27:34.959 PM]: No config file path found. Client config will not be used."}
{"level":"INFO","message":"[8:27:34.960 PM]: Easy Logging is disabled as no config has been found"}
